[INFO][2020-11-15 12:15|:33][org.springframework.test.context.support.DefaultTestContextBootstrapper]Loaded default TestExecutionListener class names from location [META-INF/spring.factories]: [org.springframework.test.context.web.ServletTestExecutionListener, org.springframework.test.context.support.DependencyInjectionTestExecutionListener, org.springframework.test.context.support.DirtiesContextTestExecutionListener, org.springframework.test.context.transaction.TransactionalTestExecutionListener, org.springframework.test.context.jdbc.SqlScriptsTestExecutionListener]
[INFO][2020-11-15 12:15|:33][org.springframework.test.context.support.DefaultTestContextBootstrapper]Using TestExecutionListeners: [org.springframework.test.context.web.ServletTestExecutionListener@402f32ff, org.springframework.test.context.support.DependencyInjectionTestExecutionListener@573f2bb1, org.springframework.test.context.support.DirtiesContextTestExecutionListener@5ae9a829, org.springframework.test.context.transaction.TransactionalTestExecutionListener@6d8a00e3, org.springframework.test.context.jdbc.SqlScriptsTestExecutionListener@548b7f67]
[INFO][2020-11-15 12:15|:34][org.springframework.beans.factory.xml.XmlBeanDefinitionReader]Loading XML bean definitions from class path resource [applicationContext.xml]
[INFO][2020-11-15 12:15|:34][org.springframework.context.support.GenericApplicationContext]Refreshing org.springframework.context.support.GenericApplicationContext@7cd62f43: startup date [Sun Nov 15 12:15:34 CST 2020]; root of context hierarchy
[WARN][2020-11-15 12:15|:34][org.mybatis.spring.mapper.ClassPathMapperScanner]No MyBatis mapper was found in '[com.oracle.mapper]' package. Please check your configuration.
[INFO][2020-11-15 12:15|:34][org.springframework.context.support.PropertySourcesPlaceholderConfigurer]Loading properties file from class path resource [db.properties]
[INFO][2020-11-15 12:15|:34][org.springframework.context.support.PropertySourcesPlaceholderConfigurer]Loading properties file from class path resource [redis.properties]
[INFO][2020-11-15 12:15|:35][com.mchange.v2.log.MLog]MLog clients using slf4j logging.
[INFO][2020-11-15 12:15|:36][com.mchange.v2.c3p0.C3P0Registry]Initializing c3p0-0.9.5-pre8 [built 04-April-2014 04:08:13 -0700; debug? true; trace: 10]
[INFO][2020-11-15 12:15|:36][org.springframework.context.support.GenericApplicationContext]Closing org.springframework.context.support.GenericApplicationContext@7cd62f43: startup date [Sun Nov 15 12:15:34 CST 2020]; root of context hierarchy
[INFO][2020-11-15 12:19|:24][org.springframework.test.context.support.DefaultTestContextBootstrapper]Loaded default TestExecutionListener class names from location [META-INF/spring.factories]: [org.springframework.test.context.web.ServletTestExecutionListener, org.springframework.test.context.support.DependencyInjectionTestExecutionListener, org.springframework.test.context.support.DirtiesContextTestExecutionListener, org.springframework.test.context.transaction.TransactionalTestExecutionListener, org.springframework.test.context.jdbc.SqlScriptsTestExecutionListener]
[INFO][2020-11-15 12:19|:24][org.springframework.test.context.support.DefaultTestContextBootstrapper]Using TestExecutionListeners: [org.springframework.test.context.web.ServletTestExecutionListener@402f32ff, org.springframework.test.context.support.DependencyInjectionTestExecutionListener@573f2bb1, org.springframework.test.context.support.DirtiesContextTestExecutionListener@5ae9a829, org.springframework.test.context.transaction.TransactionalTestExecutionListener@6d8a00e3, org.springframework.test.context.jdbc.SqlScriptsTestExecutionListener@548b7f67]
[INFO][2020-11-15 12:19|:24][org.springframework.beans.factory.xml.XmlBeanDefinitionReader]Loading XML bean definitions from class path resource [applicationContext.xml]
[INFO][2020-11-15 12:19|:25][org.springframework.context.support.GenericApplicationContext]Refreshing org.springframework.context.support.GenericApplicationContext@7cd62f43: startup date [Sun Nov 15 12:19:25 CST 2020]; root of context hierarchy
[WARN][2020-11-15 12:19|:25][org.mybatis.spring.mapper.ClassPathMapperScanner]No MyBatis mapper was found in '[com.oracle.mapper]' package. Please check your configuration.
[INFO][2020-11-15 12:19|:25][org.springframework.context.support.PropertySourcesPlaceholderConfigurer]Loading properties file from class path resource [db.properties]
[INFO][2020-11-15 12:19|:25][org.springframework.context.support.PropertySourcesPlaceholderConfigurer]Loading properties file from class path resource [redis.properties]
[INFO][2020-11-15 12:19|:26][com.mchange.v2.log.MLog]MLog clients using slf4j logging.
[INFO][2020-11-15 12:19|:26][com.mchange.v2.c3p0.C3P0Registry]Initializing c3p0-0.9.5-pre8 [built 04-April-2014 04:08:13 -0700; debug? true; trace: 10]
[INFO][2020-11-15 12:19|:27][org.springframework.context.support.GenericApplicationContext]Closing org.springframework.context.support.GenericApplicationContext@7cd62f43: startup date [Sun Nov 15 12:19:25 CST 2020]; root of context hierarchy
[INFO][2020-11-15 12:21|:09][org.springframework.test.context.support.DefaultTestContextBootstrapper]Loaded default TestExecutionListener class names from location [META-INF/spring.factories]: [org.springframework.test.context.web.ServletTestExecutionListener, org.springframework.test.context.support.DependencyInjectionTestExecutionListener, org.springframework.test.context.support.DirtiesContextTestExecutionListener, org.springframework.test.context.transaction.TransactionalTestExecutionListener, org.springframework.test.context.jdbc.SqlScriptsTestExecutionListener]
[INFO][2020-11-15 12:21|:09][org.springframework.test.context.support.DefaultTestContextBootstrapper]Using TestExecutionListeners: [org.springframework.test.context.web.ServletTestExecutionListener@402f32ff, org.springframework.test.context.support.DependencyInjectionTestExecutionListener@573f2bb1, org.springframework.test.context.support.DirtiesContextTestExecutionListener@5ae9a829, org.springframework.test.context.transaction.TransactionalTestExecutionListener@6d8a00e3, org.springframework.test.context.jdbc.SqlScriptsTestExecutionListener@548b7f67]
[INFO][2020-11-15 12:21|:10][org.springframework.beans.factory.xml.XmlBeanDefinitionReader]Loading XML bean definitions from class path resource [applicationContext.xml]
[INFO][2020-11-15 12:21|:10][org.springframework.context.support.GenericApplicationContext]Refreshing org.springframework.context.support.GenericApplicationContext@7cd62f43: startup date [Sun Nov 15 12:21:10 CST 2020]; root of context hierarchy
[WARN][2020-11-15 12:21|:10][org.mybatis.spring.mapper.ClassPathMapperScanner]No MyBatis mapper was found in '[com.oracle.mapper]' package. Please check your configuration.
[INFO][2020-11-15 12:21|:10][org.springframework.context.support.PropertySourcesPlaceholderConfigurer]Loading properties file from class path resource [db.properties]
[INFO][2020-11-15 12:21|:10][org.springframework.context.support.PropertySourcesPlaceholderConfigurer]Loading properties file from class path resource [redis.properties]
[INFO][2020-11-15 12:21|:11][com.mchange.v2.log.MLog]MLog clients using slf4j logging.
[INFO][2020-11-15 12:21|:12][com.mchange.v2.c3p0.C3P0Registry]Initializing c3p0-0.9.5-pre8 [built 04-April-2014 04:08:13 -0700; debug? true; trace: 10]
[INFO][2020-11-15 12:21|:12][org.springframework.context.support.GenericApplicationContext]Closing org.springframework.context.support.GenericApplicationContext@7cd62f43: startup date [Sun Nov 15 12:21:10 CST 2020]; root of context hierarchy
[INFO][2020-11-16 10:22|:33][org.springframework.test.context.support.DefaultTestContextBootstrapper]Loaded default TestExecutionListener class names from location [META-INF/spring.factories]: [org.springframework.test.context.web.ServletTestExecutionListener, org.springframework.test.context.support.DependencyInjectionTestExecutionListener, org.springframework.test.context.support.DirtiesContextTestExecutionListener, org.springframework.test.context.transaction.TransactionalTestExecutionListener, org.springframework.test.context.jdbc.SqlScriptsTestExecutionListener]
[INFO][2020-11-16 10:22|:33][org.springframework.test.context.support.DefaultTestContextBootstrapper]Using TestExecutionListeners: [org.springframework.test.context.web.ServletTestExecutionListener@402f32ff, org.springframework.test.context.support.DependencyInjectionTestExecutionListener@573f2bb1, org.springframework.test.context.support.DirtiesContextTestExecutionListener@5ae9a829, org.springframework.test.context.transaction.TransactionalTestExecutionListener@6d8a00e3, org.springframework.test.context.jdbc.SqlScriptsTestExecutionListener@548b7f67]
[INFO][2020-11-16 10:22|:33][org.springframework.beans.factory.xml.XmlBeanDefinitionReader]Loading XML bean definitions from class path resource [applicationContext.xml]
[INFO][2020-11-16 10:22|:34][org.springframework.context.support.GenericApplicationContext]Refreshing org.springframework.context.support.GenericApplicationContext@7cd62f43: startup date [Mon Nov 16 10:22:34 CST 2020]; root of context hierarchy
[WARN][2020-11-16 10:22|:35][org.mybatis.spring.mapper.ClassPathMapperScanner]No MyBatis mapper was found in '[com.oracle.mapper]' package. Please check your configuration.
[INFO][2020-11-16 10:22|:35][org.springframework.context.support.PropertySourcesPlaceholderConfigurer]Loading properties file from class path resource [db.properties]
[INFO][2020-11-16 10:22|:35][org.springframework.context.support.PropertySourcesPlaceholderConfigurer]Loading properties file from class path resource [redis.properties]
[INFO][2020-11-16 10:22|:36][com.mchange.v2.log.MLog]MLog clients using slf4j logging.
[INFO][2020-11-16 10:22|:36][com.mchange.v2.c3p0.C3P0Registry]Initializing c3p0-0.9.5-pre8 [built 04-April-2014 04:08:13 -0700; debug? true; trace: 10]
[INFO][2020-11-16 10:22|:47][org.springframework.context.support.GenericApplicationContext]Closing org.springframework.context.support.GenericApplicationContext@7cd62f43: startup date [Mon Nov 16 10:22:34 CST 2020]; root of context hierarchy
[INFO][2020-11-16 10:23|:27][org.springframework.test.context.support.DefaultTestContextBootstrapper]Loaded default TestExecutionListener class names from location [META-INF/spring.factories]: [org.springframework.test.context.web.ServletTestExecutionListener, org.springframework.test.context.support.DependencyInjectionTestExecutionListener, org.springframework.test.context.support.DirtiesContextTestExecutionListener, org.springframework.test.context.transaction.TransactionalTestExecutionListener, org.springframework.test.context.jdbc.SqlScriptsTestExecutionListener]
[INFO][2020-11-16 10:23|:27][org.springframework.test.context.support.DefaultTestContextBootstrapper]Using TestExecutionListeners: [org.springframework.test.context.web.ServletTestExecutionListener@402f32ff, org.springframework.test.context.support.DependencyInjectionTestExecutionListener@573f2bb1, org.springframework.test.context.support.DirtiesContextTestExecutionListener@5ae9a829, org.springframework.test.context.transaction.TransactionalTestExecutionListener@6d8a00e3, org.springframework.test.context.jdbc.SqlScriptsTestExecutionListener@548b7f67]
[INFO][2020-11-16 10:23|:27][org.springframework.beans.factory.xml.XmlBeanDefinitionReader]Loading XML bean definitions from class path resource [applicationContext.xml]
[INFO][2020-11-16 10:23|:28][org.springframework.context.support.GenericApplicationContext]Refreshing org.springframework.context.support.GenericApplicationContext@7cd62f43: startup date [Mon Nov 16 10:23:28 CST 2020]; root of context hierarchy
[WARN][2020-11-16 10:23|:28][org.mybatis.spring.mapper.ClassPathMapperScanner]No MyBatis mapper was found in '[com.oracle.mapper]' package. Please check your configuration.
[INFO][2020-11-16 10:23|:28][org.springframework.context.support.PropertySourcesPlaceholderConfigurer]Loading properties file from class path resource [db.properties]
[INFO][2020-11-16 10:23|:28][org.springframework.context.support.PropertySourcesPlaceholderConfigurer]Loading properties file from class path resource [redis.properties]
[INFO][2020-11-16 10:23|:29][com.mchange.v2.log.MLog]MLog clients using slf4j logging.
[INFO][2020-11-16 10:23|:30][com.mchange.v2.c3p0.C3P0Registry]Initializing c3p0-0.9.5-pre8 [built 04-April-2014 04:08:13 -0700; debug? true; trace: 10]
[INFO][2020-11-16 10:23|:40][org.springframework.context.support.GenericApplicationContext]Closing org.springframework.context.support.GenericApplicationContext@7cd62f43: startup date [Mon Nov 16 10:23:28 CST 2020]; root of context hierarchy
[INFO][2020-11-16 10:27|:40][org.springframework.test.context.support.DefaultTestContextBootstrapper]Loaded default TestExecutionListener class names from location [META-INF/spring.factories]: [org.springframework.test.context.web.ServletTestExecutionListener, org.springframework.test.context.support.DependencyInjectionTestExecutionListener, org.springframework.test.context.support.DirtiesContextTestExecutionListener, org.springframework.test.context.transaction.TransactionalTestExecutionListener, org.springframework.test.context.jdbc.SqlScriptsTestExecutionListener]
[INFO][2020-11-16 10:27|:40][org.springframework.test.context.support.DefaultTestContextBootstrapper]Using TestExecutionListeners: [org.springframework.test.context.web.ServletTestExecutionListener@402f32ff, org.springframework.test.context.support.DependencyInjectionTestExecutionListener@573f2bb1, org.springframework.test.context.support.DirtiesContextTestExecutionListener@5ae9a829, org.springframework.test.context.transaction.TransactionalTestExecutionListener@6d8a00e3, org.springframework.test.context.jdbc.SqlScriptsTestExecutionListener@548b7f67]
[INFO][2020-11-16 10:27|:40][org.springframework.beans.factory.xml.XmlBeanDefinitionReader]Loading XML bean definitions from class path resource [applicationContext.xml]
[INFO][2020-11-16 10:27|:41][org.springframework.context.support.GenericApplicationContext]Refreshing org.springframework.context.support.GenericApplicationContext@7cd62f43: startup date [Mon Nov 16 10:27:41 CST 2020]; root of context hierarchy
[WARN][2020-11-16 10:27|:41][org.mybatis.spring.mapper.ClassPathMapperScanner]No MyBatis mapper was found in '[com.oracle.mapper]' package. Please check your configuration.
[INFO][2020-11-16 10:27|:41][org.springframework.context.support.PropertySourcesPlaceholderConfigurer]Loading properties file from class path resource [db.properties]
[INFO][2020-11-16 10:27|:41][org.springframework.context.support.PropertySourcesPlaceholderConfigurer]Loading properties file from class path resource [redis.properties]
[INFO][2020-11-16 10:27|:42][com.mchange.v2.log.MLog]MLog clients using slf4j logging.
[INFO][2020-11-16 10:27|:42][com.mchange.v2.c3p0.C3P0Registry]Initializing c3p0-0.9.5-pre8 [built 04-April-2014 04:08:13 -0700; debug? true; trace: 10]
[INFO][2020-11-16 10:27|:43][org.springframework.context.support.GenericApplicationContext]Closing org.springframework.context.support.GenericApplicationContext@7cd62f43: startup date [Mon Nov 16 10:27:41 CST 2020]; root of context hierarchy
[INFO][2020-11-16 10:27|:53][org.springframework.test.context.support.DefaultTestContextBootstrapper]Loaded default TestExecutionListener class names from location [META-INF/spring.factories]: [org.springframework.test.context.web.ServletTestExecutionListener, org.springframework.test.context.support.DependencyInjectionTestExecutionListener, org.springframework.test.context.support.DirtiesContextTestExecutionListener, org.springframework.test.context.transaction.TransactionalTestExecutionListener, org.springframework.test.context.jdbc.SqlScriptsTestExecutionListener]
[INFO][2020-11-16 10:27|:53][org.springframework.test.context.support.DefaultTestContextBootstrapper]Using TestExecutionListeners: [org.springframework.test.context.web.ServletTestExecutionListener@402f32ff, org.springframework.test.context.support.DependencyInjectionTestExecutionListener@573f2bb1, org.springframework.test.context.support.DirtiesContextTestExecutionListener@5ae9a829, org.springframework.test.context.transaction.TransactionalTestExecutionListener@6d8a00e3, org.springframework.test.context.jdbc.SqlScriptsTestExecutionListener@548b7f67]
[INFO][2020-11-16 10:27|:53][org.springframework.beans.factory.xml.XmlBeanDefinitionReader]Loading XML bean definitions from class path resource [applicationContext.xml]
[INFO][2020-11-16 10:27|:54][org.springframework.context.support.GenericApplicationContext]Refreshing org.springframework.context.support.GenericApplicationContext@7cd62f43: startup date [Mon Nov 16 10:27:54 CST 2020]; root of context hierarchy
[WARN][2020-11-16 10:27|:54][org.mybatis.spring.mapper.ClassPathMapperScanner]No MyBatis mapper was found in '[com.oracle.mapper]' package. Please check your configuration.
[INFO][2020-11-16 10:27|:54][org.springframework.context.support.PropertySourcesPlaceholderConfigurer]Loading properties file from class path resource [db.properties]
[INFO][2020-11-16 10:27|:54][org.springframework.context.support.PropertySourcesPlaceholderConfigurer]Loading properties file from class path resource [redis.properties]
[INFO][2020-11-16 10:27|:55][com.mchange.v2.log.MLog]MLog clients using slf4j logging.
[INFO][2020-11-16 10:27|:56][com.mchange.v2.c3p0.C3P0Registry]Initializing c3p0-0.9.5-pre8 [built 04-April-2014 04:08:13 -0700; debug? true; trace: 10]
[INFO][2020-11-16 10:27|:56][org.springframework.context.support.GenericApplicationContext]Closing org.springframework.context.support.GenericApplicationContext@7cd62f43: startup date [Mon Nov 16 10:27:54 CST 2020]; root of context hierarchy
[INFO][2020-11-16 10:33|:02][org.springframework.test.context.support.DefaultTestContextBootstrapper]Loaded default TestExecutionListener class names from location [META-INF/spring.factories]: [org.springframework.test.context.web.ServletTestExecutionListener, org.springframework.test.context.support.DependencyInjectionTestExecutionListener, org.springframework.test.context.support.DirtiesContextTestExecutionListener, org.springframework.test.context.transaction.TransactionalTestExecutionListener, org.springframework.test.context.jdbc.SqlScriptsTestExecutionListener]
[INFO][2020-11-16 10:33|:02][org.springframework.test.context.support.DefaultTestContextBootstrapper]Using TestExecutionListeners: [org.springframework.test.context.web.ServletTestExecutionListener@402f32ff, org.springframework.test.context.support.DependencyInjectionTestExecutionListener@573f2bb1, org.springframework.test.context.support.DirtiesContextTestExecutionListener@5ae9a829, org.springframework.test.context.transaction.TransactionalTestExecutionListener@6d8a00e3, org.springframework.test.context.jdbc.SqlScriptsTestExecutionListener@548b7f67]
[INFO][2020-11-16 10:33|:03][org.springframework.beans.factory.xml.XmlBeanDefinitionReader]Loading XML bean definitions from class path resource [applicationContext.xml]
[INFO][2020-11-16 10:33|:03][org.springframework.context.support.GenericApplicationContext]Refreshing org.springframework.context.support.GenericApplicationContext@7cd62f43: startup date [Mon Nov 16 10:33:03 CST 2020]; root of context hierarchy
[WARN][2020-11-16 10:33|:04][org.mybatis.spring.mapper.ClassPathMapperScanner]No MyBatis mapper was found in '[com.oracle.mapper]' package. Please check your configuration.
[INFO][2020-11-16 10:33|:04][org.springframework.context.support.PropertySourcesPlaceholderConfigurer]Loading properties file from class path resource [db.properties]
[INFO][2020-11-16 10:33|:04][org.springframework.context.support.PropertySourcesPlaceholderConfigurer]Loading properties file from class path resource [redis.properties]
[INFO][2020-11-16 10:33|:04][com.mchange.v2.log.MLog]MLog clients using slf4j logging.
[INFO][2020-11-16 10:33|:05][com.mchange.v2.c3p0.C3P0Registry]Initializing c3p0-0.9.5-pre8 [built 04-April-2014 04:08:13 -0700; debug? true; trace: 10]
[INFO][2020-11-16 10:33|:05][org.springframework.context.support.GenericApplicationContext]Closing org.springframework.context.support.GenericApplicationContext@7cd62f43: startup date [Mon Nov 16 10:33:03 CST 2020]; root of context hierarchy
[INFO][2020-11-16 10:46|:07][org.springframework.test.context.support.DefaultTestContextBootstrapper]Loaded default TestExecutionListener class names from location [META-INF/spring.factories]: [org.springframework.test.context.web.ServletTestExecutionListener, org.springframework.test.context.support.DependencyInjectionTestExecutionListener, org.springframework.test.context.support.DirtiesContextTestExecutionListener, org.springframework.test.context.transaction.TransactionalTestExecutionListener, org.springframework.test.context.jdbc.SqlScriptsTestExecutionListener]
[INFO][2020-11-16 10:46|:07][org.springframework.test.context.support.DefaultTestContextBootstrapper]Using TestExecutionListeners: [org.springframework.test.context.web.ServletTestExecutionListener@402f32ff, org.springframework.test.context.support.DependencyInjectionTestExecutionListener@573f2bb1, org.springframework.test.context.support.DirtiesContextTestExecutionListener@5ae9a829, org.springframework.test.context.transaction.TransactionalTestExecutionListener@6d8a00e3, org.springframework.test.context.jdbc.SqlScriptsTestExecutionListener@548b7f67]
[INFO][2020-11-16 10:46|:07][org.springframework.beans.factory.xml.XmlBeanDefinitionReader]Loading XML bean definitions from class path resource [applicationContext.xml]
[INFO][2020-11-16 10:46|:08][org.springframework.context.support.GenericApplicationContext]Refreshing org.springframework.context.support.GenericApplicationContext@7cd62f43: startup date [Mon Nov 16 10:46:08 CST 2020]; root of context hierarchy
[WARN][2020-11-16 10:46|:08][org.mybatis.spring.mapper.ClassPathMapperScanner]No MyBatis mapper was found in '[com.oracle.mapper]' package. Please check your configuration.
[INFO][2020-11-16 10:46|:08][org.springframework.context.support.PropertySourcesPlaceholderConfigurer]Loading properties file from class path resource [db.properties]
[INFO][2020-11-16 10:46|:08][org.springframework.context.support.PropertySourcesPlaceholderConfigurer]Loading properties file from class path resource [redis.properties]
[INFO][2020-11-16 10:46|:10][com.mchange.v2.log.MLog]MLog clients using slf4j logging.
[INFO][2020-11-16 10:46|:10][com.mchange.v2.c3p0.C3P0Registry]Initializing c3p0-0.9.5-pre8 [built 04-April-2014 04:08:13 -0700; debug? true; trace: 10]
[INFO][2020-11-16 10:46|:11][org.springframework.context.support.GenericApplicationContext]Closing org.springframework.context.support.GenericApplicationContext@7cd62f43: startup date [Mon Nov 16 10:46:08 CST 2020]; root of context hierarchy
[INFO][2020-11-16 10:55|:33][org.springframework.test.context.support.DefaultTestContextBootstrapper]Loaded default TestExecutionListener class names from location [META-INF/spring.factories]: [org.springframework.test.context.web.ServletTestExecutionListener, org.springframework.test.context.support.DependencyInjectionTestExecutionListener, org.springframework.test.context.support.DirtiesContextTestExecutionListener, org.springframework.test.context.transaction.TransactionalTestExecutionListener, org.springframework.test.context.jdbc.SqlScriptsTestExecutionListener]
[INFO][2020-11-16 10:55|:33][org.springframework.test.context.support.DefaultTestContextBootstrapper]Using TestExecutionListeners: [org.springframework.test.context.web.ServletTestExecutionListener@402f32ff, org.springframework.test.context.support.DependencyInjectionTestExecutionListener@573f2bb1, org.springframework.test.context.support.DirtiesContextTestExecutionListener@5ae9a829, org.springframework.test.context.transaction.TransactionalTestExecutionListener@6d8a00e3, org.springframework.test.context.jdbc.SqlScriptsTestExecutionListener@548b7f67]
[INFO][2020-11-16 10:55|:33][org.springframework.beans.factory.xml.XmlBeanDefinitionReader]Loading XML bean definitions from class path resource [applicationContext.xml]
[INFO][2020-11-16 10:55|:34][org.springframework.context.support.GenericApplicationContext]Refreshing org.springframework.context.support.GenericApplicationContext@7cd62f43: startup date [Mon Nov 16 10:55:34 CST 2020]; root of context hierarchy
[WARN][2020-11-16 10:55|:34][org.mybatis.spring.mapper.ClassPathMapperScanner]No MyBatis mapper was found in '[com.oracle.mapper]' package. Please check your configuration.
[INFO][2020-11-16 10:55|:34][org.springframework.context.support.PropertySourcesPlaceholderConfigurer]Loading properties file from class path resource [db.properties]
[INFO][2020-11-16 10:55|:34][org.springframework.context.support.PropertySourcesPlaceholderConfigurer]Loading properties file from class path resource [redis.properties]
[INFO][2020-11-16 10:55|:35][com.mchange.v2.log.MLog]MLog clients using slf4j logging.
[INFO][2020-11-16 10:55|:35][com.mchange.v2.c3p0.C3P0Registry]Initializing c3p0-0.9.5-pre8 [built 04-April-2014 04:08:13 -0700; debug? true; trace: 10]
[INFO][2020-11-16 10:55|:36][org.springframework.context.support.GenericApplicationContext]Closing org.springframework.context.support.GenericApplicationContext@7cd62f43: startup date [Mon Nov 16 10:55:34 CST 2020]; root of context hierarchy
